<?xml version="1.0" encoding="UTF-8"?>
<testsuite name="minesweeper.model.game.GameClockTest" tests="7" skipped="0" failures="0" errors="0" timestamp="2024-12-24T03:12:57" hostname="NULL.Home" time="0.012">
  <properties/>
  <testcase name="testStopClock()" classname="minesweeper.model.game.GameClockTest" time="0.008"/>
  <testcase name="testGetElapsedSeconds()" classname="minesweeper.model.game.GameClockTest" time="0.002"/>
  <testcase name="testResetElapsedSeconds()" classname="minesweeper.model.game.GameClockTest" time="0.0"/>
  <testcase name="testMultipleStarts()" classname="minesweeper.model.game.GameClockTest" time="0.0"/>
  <testcase name="testGetCurrent()" classname="minesweeper.model.game.GameClockTest" time="0.0"/>
  <testcase name="testResetClock()" classname="minesweeper.model.game.GameClockTest" time="0.001"/>
  <testcase name="testStartClock()" classname="minesweeper.model.game.GameClockTest" time="0.0"/>
  <system-out><![CDATA[]]></system-out>
  <system-err><![CDATA[]]></system-err>
</testsuite>
