<?xml version="1.0" encoding="UTF-8"?>
<testsuite name="minesweeper.control.state.ControllerStateTest" tests="3" skipped="0" failures="0" errors="0" timestamp="2024-12-23T23:59:31" hostname="NULL.Home" time="0.018">
  <properties/>
  <testcase name="testProcessInput()" classname="minesweeper.control.state.ControllerStateTest" time="0.017"/>
  <testcase name="testDraw()" classname="minesweeper.control.state.ControllerStateTest" time="0.001"/>
  <testcase name="testChangeState()" classname="minesweeper.control.state.ControllerStateTest" time="0.0"/>
  <system-out><![CDATA[]]></system-out>
  <system-err><![CDATA[]]></system-err>
</testsuite>
