<?xml version="1.0" encoding="UTF-8"?>
<testsuite name="minesweeper.model.game.CellTest" tests="10" skipped="0" failures="0" errors="0" timestamp="2024-12-23T23:59:31" hostname="NULL.Home" time="0.002">
  <properties/>
  <testcase name="testGetPosition()" classname="minesweeper.model.game.CellTest" time="0.0"/>
  <testcase name="testSetAndGetAdjacentMines()" classname="minesweeper.model.game.CellTest" time="0.001"/>
  <testcase name="testRevealCell()" classname="minesweeper.model.game.CellTest" time="0.0"/>
  <testcase name="testFlagCell()" classname="minesweeper.model.game.CellTest" time="0.0"/>
  <testcase name="testRevealAlreadyRevealedCell()" classname="minesweeper.model.game.CellTest" time="0.0"/>
  <testcase name="testToggleFlag()" classname="minesweeper.model.game.CellTest" time="0.0"/>
  <testcase name="testHasMine()" classname="minesweeper.model.game.CellTest" time="0.0"/>
  <testcase name="testMultipleFlags()" classname="minesweeper.model.game.CellTest" time="0.0"/>
  <testcase name="testGetCol()" classname="minesweeper.model.game.CellTest" time="0.0"/>
  <testcase name="testGetRow()" classname="minesweeper.model.game.CellTest" time="0.0"/>
  <system-out><![CDATA[]]></system-out>
  <system-err><![CDATA[]]></system-err>
</testsuite>
