<?xml version="1.0" encoding="UTF-8"?>
<testsuite name="minesweeper.control.state.ControllerStateTest" tests="3" skipped="0" failures="0" errors="0" timestamp="2024-12-24T03:12:57" hostname="NULL.Home" time="0.026">
  <properties/>
  <testcase name="testProcessInput()" classname="minesweeper.control.state.ControllerStateTest" time="0.024"/>
  <testcase name="testDraw()" classname="minesweeper.control.state.ControllerStateTest" time="0.001"/>
  <testcase name="testChangeState()" classname="minesweeper.control.state.ControllerStateTest" time="0.001"/>
  <system-out><![CDATA[]]></system-out>
  <system-err><![CDATA[]]></system-err>
</testsuite>
