<?xml version="1.0" encoding="UTF-8"?>
<testsuite name="minesweeper.model.game.BoardBuilderTest" tests="3" skipped="0" failures="0" errors="0" timestamp="2024-12-24T03:12:57" hostname="NULL.Home" time="0.004">
  <properties/>
  <testcase name="testBoardInitialize()" classname="minesweeper.model.game.BoardBuilderTest" time="0.002"/>
  <testcase name="testMinesCount()" classname="minesweeper.model.game.BoardBuilderTest" time="0.001"/>
  <testcase name="testCellsInitialization()" classname="minesweeper.model.game.BoardBuilderTest" time="0.001"/>
  <system-out><![CDATA[]]></system-out>
  <system-err><![CDATA[]]></system-err>
</testsuite>
