<?xml version="1.0" encoding="UTF-8"?>
<testsuite name="minesweeper.control.state.GameOverStateTest" tests="5" skipped="0" failures="0" errors="0" timestamp="2024-12-24T03:12:57" hostname="NULL.Home" time="0.028">
  <properties/>
  <testcase name="testReset()" classname="minesweeper.control.state.GameOverStateTest" time="0.024"/>
  <testcase name="testUpdateUnHandledInput()" classname="minesweeper.control.state.GameOverStateTest" time="0.0"/>
  <testcase name="testUpdateESCAPE()" classname="minesweeper.control.state.GameOverStateTest" time="0.0"/>
  <testcase name="testLoadContentAndSetsHasWon()" classname="minesweeper.control.state.GameOverStateTest" time="0.0"/>
  <testcase name="testGetViewer()" classname="minesweeper.control.state.GameOverStateTest" time="0.001"/>
  <system-out><![CDATA[]]></system-out>
  <system-err><![CDATA[]]></system-err>
</testsuite>
