<?xml version="1.0" encoding="UTF-8"?>
<testsuite name="minesweeper.model.help.HelpModelTest" tests="5" skipped="0" failures="0" errors="0" timestamp="2024-12-24T03:12:57" hostname="NULL.Home" time="0.001">
  <properties/>
  <testcase name="testTotalSections()" classname="minesweeper.model.help.HelpModelTest" time="0.0"/>
  <testcase name="testGetAsciiTitle()" classname="minesweeper.model.help.HelpModelTest" time="0.0"/>
  <testcase name="testContent()" classname="minesweeper.model.help.HelpModelTest" time="0.0"/>
  <testcase name="testInitialization()" classname="minesweeper.model.help.HelpModelTest" time="0.0"/>
  <testcase name="testInvalidIndex()" classname="minesweeper.model.help.HelpModelTest" time="0.001"/>
  <system-out><![CDATA[]]></system-out>
  <system-err><![CDATA[]]></system-err>
</testsuite>
