<?xml version="1.0" encoding="UTF-8"?>
<testsuite name="minesweeper.control.state.HelpStateTest" tests="5" skipped="0" failures="0" errors="0" timestamp="2024-12-23T23:59:31" hostname="NULL.Home" time="0.011">
  <properties/>
  <testcase name="testLeftInput()" classname="minesweeper.control.state.HelpStateTest" time="0.009"/>
  <testcase name="testQuitInput()" classname="minesweeper.control.state.HelpStateTest" time="0.001"/>
  <testcase name="testEscapeInput()" classname="minesweeper.control.state.HelpStateTest" time="0.0"/>
  <testcase name="testUnHandledInput()" classname="minesweeper.control.state.HelpStateTest" time="0.001"/>
  <testcase name="testGetViewer()" classname="minesweeper.control.state.HelpStateTest" time="0.0"/>
  <system-out><![CDATA[]]></system-out>
  <system-err><![CDATA[]]></system-err>
</testsuite>
