<?xml version="1.0" encoding="UTF-8"?>
<testsuite name="minesweeper.model.menu.MenuModelTest" tests="10" skipped="0" failures="0" errors="0" timestamp="2024-12-24T03:12:57" hostname="NULL.Home" time="0.003">
  <properties/>
  <testcase name="testNextOption()" classname="minesweeper.model.menu.MenuModelTest" time="0.0"/>
  <testcase name="testAsciiTitle()" classname="minesweeper.model.menu.MenuModelTest" time="0.0"/>
  <testcase name="testPreviousOption()" classname="minesweeper.model.menu.MenuModelTest" time="0.0"/>
  <testcase name="testSelectOption()" classname="minesweeper.model.menu.MenuModelTest" time="0.0"/>
  <testcase name="testGetOptions()" classname="minesweeper.model.menu.MenuModelTest" time="0.0"/>
  <testcase name="testNextDifficulty()" classname="minesweeper.model.menu.MenuModelTest" time="0.001"/>
  <testcase name="testValidSelection()" classname="minesweeper.model.menu.MenuModelTest" time="0.0"/>
  <testcase name="testInitialState()" classname="minesweeper.model.menu.MenuModelTest" time="0.0"/>
  <testcase name="testInvalidSelection()" classname="minesweeper.model.menu.MenuModelTest" time="0.001"/>
  <testcase name="testPreviousDifficulty()" classname="minesweeper.model.menu.MenuModelTest" time="0.0"/>
  <system-out><![CDATA[]]></system-out>
  <system-err><![CDATA[]]></system-err>
</testsuite>
