<?xml version="1.0" encoding="UTF-8"?>
<testsuite name="minesweeper.control.state.GameWinStateTest" tests="5" skipped="0" failures="0" errors="0" timestamp="2024-12-23T23:59:31" hostname="NULL.Home" time="0.003">
  <properties/>
  <testcase name="testQUIT()" classname="minesweeper.control.state.GameWinStateTest" time="0.0"/>
  <testcase name="testLoadContentAndSetsHasWon()" classname="minesweeper.control.state.GameWinStateTest" time="0.001"/>
  <testcase name="testUnhandledInput()" classname="minesweeper.control.state.GameWinStateTest" time="0.001"/>
  <testcase name="testESCAPE()" classname="minesweeper.control.state.GameWinStateTest" time="0.0"/>
  <testcase name="testGetViewer()" classname="minesweeper.control.state.GameWinStateTest" time="0.001"/>
  <system-out><![CDATA[]]></system-out>
  <system-err><![CDATA[]]></system-err>
</testsuite>
